# JRE version: Java(TM) SE Runtime Environment (19.0.2+7) (build 19.0.2+7-44)
# Java VM: Java HotSpot(TM) 64-Bit Server VM (19.0.2+7-44, mixed mode, sharing, tiered, compressed oops, compressed class ptrs, g1 gc, windows-amd64)
GC Precious Log:
 CardTable entry size: 512
 Card Set container configuration: InlinePtr #cards 5 size 8 Array Of Cards #cards 12 size 40 Howl #buckets 4 coarsen threshold 1843 Howl Bitmap #cards 512 size 80 coarsen threshold 460 Card regions per heap region 1 cards per card region 2048
 CPUs: 8 total, 8 available
 Memory: 8099M
 Large Page Support: Disabled
 NUMA Support: Disabled
 Compressed Oops: Enabled (32-bit)
 Heap Region Size: 1M
 Heap Min Capacity: 8M
 Heap Initial Capacity: 128M
 Heap Max Capacity: 2026M
 Pre-touch: Disabled
 Parallel Workers: 8
 Concurrent Workers: 2
 Concurrent Refinement Workers: 8
 Periodic GC: Disabled
Heap:
 garbage-first heap   total 86016K, used 51991K [0x0000000081600000, 0x0000000100000000)
  region size 1024K, 15 young (15360K), 1 survivors (1024K)
 Metaspace       used 58746K, committed 59328K, reserved 1114112K
  class space    used 7069K, committed 7360K, reserved 1048576K
GC Heap History (20 events):
Event: 5.014 GC heap before
{Heap before GC invocations=6 (full 0):
 garbage-first heap   total 55296K, used 34816K [0x0000000081600000, 0x0000000100000000)
  region size 1024K, 20 young (20480K), 1 survivors (1024K)
 Metaspace       used 30211K, committed 30528K, reserved 1114112K
  class space    used 3693K, committed 3840K, reserved 1048576K
}
Event: 5.020 GC heap after
{Heap after GC invocations=7 (full 0):
 garbage-first heap   total 55296K, used 18054K [0x0000000081600000, 0x0000000100000000)
  region size 1024K, 3 young (3072K), 3 survivors (3072K)
 Metaspace       used 30211K, committed 30528K, reserved 1114112K
  class space    used 3693K, committed 3840K, reserved 1048576K
}
Event: 5.471 GC heap before
{Heap before GC invocations=7 (full 0):
 garbage-first heap   total 55296K, used 38534K [0x0000000081600000, 0x0000000100000000)
  region size 1024K, 22 young (22528K), 3 survivors (3072K)
 Metaspace       used 32583K, committed 32960K, reserved 1114112K
  class space    used 3974K, committed 4160K, reserved 1048576K
}
Event: 5.478 GC heap after
{Heap after GC invocations=8 (full 0):
 garbage-first heap   total 55296K, used 19382K [0x0000000081600000, 0x0000000100000000)
  region size 1024K, 2 young (2048K), 2 survivors (2048K)
 Metaspace       used 32583K, committed 32960K, reserved 1114112K
  class space    used 3974K, committed 4160K, reserved 1048576K
}
Event: 6.244 GC heap before
{Heap before GC invocations=8 (full 0):
 garbage-first heap   total 55296K, used 36790K [0x0000000081600000, 0x0000000100000000)
  region size 1024K, 20 young (20480K), 2 survivors (2048K)
 Metaspace       used 35720K, committed 36096K, reserved 1114112K
  class space    used 4498K, committed 4672K, reserved 1048576K
}
Event: 6.247 GC heap after
{Heap after GC invocations=9 (full 0):
 garbage-first heap   total 55296K, used 20945K [0x0000000081600000, 0x0000000100000000)
  region size 1024K, 3 young (3072K), 3 survivors (3072K)
 Metaspace       used 35720K, committed 36096K, reserved 1114112K
  class space    used 4498K, committed 4672K, reserved 1048576K
}
Event: 6.862 GC heap before
{Heap before GC invocations=10 (full 0):
 garbage-first heap   total 55296K, used 39377K [0x0000000081600000, 0x0000000100000000)
  region size 1024K, 22 young (22528K), 3 survivors (3072K)
 Metaspace       used 38142K, committed 38528K, reserved 1114112K
  class space    used 4824K, committed 4992K, reserved 1048576K
}
Event: 6.867 GC heap after
{Heap after GC invocations=11 (full 0):
 garbage-first heap   total 55296K, used 22786K [0x0000000081600000, 0x0000000100000000)
  region size 1024K, 2 young (2048K), 2 survivors (2048K)
 Metaspace       used 38142K, committed 38528K, reserved 1114112K
  class space    used 4824K, committed 4992K, reserved 1048576K
}
Event: 6.896 GC heap before
{Heap before GC invocations=11 (full 0):
 garbage-first heap   total 55296K, used 23810K [0x0000000081600000, 0x0000000100000000)
  region size 1024K, 3 young (3072K), 2 survivors (2048K)
 Metaspace       used 38356K, committed 38784K, reserved 1114112K
  class space    used 4856K, committed 5056K, reserved 1048576K
}
Event: 6.900 GC heap after
{Heap after GC invocations=12 (full 0):
 garbage-first heap   total 55296K, used 22643K [0x0000000081600000, 0x0000000100000000)
  region size 1024K, 1 young (1024K), 1 survivors (1024K)
 Metaspace       used 38356K, committed 38784K, reserved 1114112K
  class space    used 4856K, committed 5056K, reserved 1048576K
}
Event: 7.706 GC heap before
{Heap before GC invocations=12 (full 0):
 garbage-first heap   total 55296K, used 40051K [0x0000000081600000, 0x0000000100000000)
  region size 1024K, 19 young (19456K), 1 survivors (1024K)
 Metaspace       used 42179K, committed 42624K, reserved 1114112K
  class space    used 5253K, committed 5440K, reserved 1048576K
}
Event: 7.708 GC heap after
{Heap after GC invocations=13 (full 0):
 garbage-first heap   total 86016K, used 24056K [0x0000000081600000, 0x0000000100000000)
  region size 1024K, 2 young (2048K), 2 survivors (2048K)
 Metaspace       used 42179K, committed 42624K, reserved 1114112K
  class space    used 5253K, committed 5440K, reserved 1048576K
}
Event: 10.270 GC heap before
{Heap before GC invocations=13 (full 0):
 garbage-first heap   total 86016K, used 65016K [0x0000000081600000, 0x0000000100000000)
  region size 1024K, 41 young (41984K), 2 survivors (2048K)
 Metaspace       used 49661K, committed 50112K, reserved 1114112K
  class space    used 6205K, committed 6400K, reserved 1048576K
}
Event: 10.276 GC heap after
{Heap after GC invocations=14 (full 0):
 garbage-first heap   total 86016K, used 30935K [0x0000000081600000, 0x0000000100000000)
  region size 1024K, 6 young (6144K), 6 survivors (6144K)
 Metaspace       used 49661K, committed 50112K, reserved 1114112K
  class space    used 6205K, committed 6400K, reserved 1048576K
}
Event: 100.812 GC heap before
{Heap before GC invocations=14 (full 0):
 garbage-first heap   total 86016K, used 63703K [0x0000000081600000, 0x0000000100000000)
  region size 1024K, 39 young (39936K), 6 survivors (6144K)
 Metaspace       used 56580K, committed 57152K, reserved 1114112K
  class space    used 7062K, committed 7360K, reserved 1048576K
}
Event: 100.845 GC heap after
{Heap after GC invocations=15 (full 0):
 garbage-first heap   total 86016K, used 34407K [0x0000000081600000, 0x0000000100000000)
  region size 1024K, 4 young (4096K), 4 survivors (4096K)
 Metaspace       used 56580K, committed 57152K, reserved 1114112K
  class space    used 7062K, committed 7360K, reserved 1048576K
}
Event: 4452.618 GC heap before
{Heap before GC invocations=15 (full 0):
 garbage-first heap   total 86016K, used 69223K [0x0000000081600000, 0x0000000100000000)
  region size 1024K, 35 young (35840K), 4 survivors (4096K)
 Metaspace       used 57682K, committed 58240K, reserved 1114112K
  class space    used 7066K, committed 7360K, reserved 1048576K
}
Event: 4452.705 GC heap after
{Heap after GC invocations=16 (full 0):
 garbage-first heap   total 86016K, used 39195K [0x0000000081600000, 0x0000000100000000)
  region size 1024K, 2 young (2048K), 2 survivors (2048K)
 Metaspace       used 57682K, committed 58240K, reserved 1114112K
  class space    used 7066K, committed 7360K, reserved 1048576K
}
Event: 12256.406 GC heap before
{Heap before GC invocations=16 (full 0):
 garbage-first heap   total 86016K, used 67867K [0x0000000081600000, 0x0000000100000000)
  region size 1024K, 30 young (30720K), 2 survivors (2048K)
 Metaspace       used 58612K, committed 59200K, reserved 1114112K
  class space    used 7068K, committed 7360K, reserved 1048576K
}
Event: 12256.441 GC heap after
{Heap after GC invocations=17 (full 0):
 garbage-first heap   total 86016K, used 38679K [0x0000000081600000, 0x0000000100000000)
  region size 1024K, 1 young (1024K), 1 survivors (1024K)
 Metaspace       used 58612K, committed 59200K, reserved 1114112K
  class space    used 7068K, committed 7360K, reserved 1048576K
}

